*** Using Compiler 'V6.18', folder: 'C:\Keil_v5\ARM\ARMCLANG\Bin'
Rebuild target 'HI229_V2'
assembling startup_stm32f407xx.s...
compiling tim.c...
compiling imu_data_decode.c...
compiling packet.c...
compiling dma.c...
compiling stm32f4xx_hal_msp.c...
compiling stm32f4xx_it.c...
compiling gpio.c...
compiling usart.c...
compiling stm32f4xx_hal_flash.c...
../Core/Src/main.c(30): warning: In file included from...../Core/Inc\imu_data_decode.h(8): warning: '__packed' macro redefined [-Wmacro-redefined]
#define __packed
        ^
C:/Users/ASCLLAB/STM32Cube/Repository/STM32Cube_FW_F4_V1.27.1/Drivers/STM32F4xx_HAL_Driver/Inc/stm32f4xx_hal_def.h(114): note: previous definition is here
    #define __packed  __attribute__((packed))
            ^
1 warning generated.
compiling main.c...
compiling stm32f4xx_hal_rcc_ex.c...
compiling stm32f4xx_hal_flash_ex.c...
compiling stm32f4xx_hal_rcc.c...
compiling stm32f4xx_hal_flash_ramfunc.c...
compiling stm32f4xx_hal_tim_ex.c...
compiling stm32f4xx_hal_pwr_ex.c...
compiling stm32f4xx_hal_pwr.c...
compiling stm32f4xx_hal_gpio.c...
compiling stm32f4xx_hal.c...
compiling stm32f4xx_hal_exti.c...
compiling stm32f4xx_hal_dma_ex.c...
compiling stm32f4xx_hal_cortex.c...
compiling system_stm32f4xx.c...
compiling stm32f4xx_hal_dma.c...
compiling stm32f4xx_hal_tim.c...
compiling stm32f4xx_hal_uart.c...
linking...
Program Size: Code=15884 RO-data=572 RW-data=20 ZI-data=4596  
FromELF: creating hex file...
"HI229_V2\HI229_V2.axf" - 0 Error(s), 1 Warning(s).
Build Time Elapsed:  00:00:02
